<?xml version="1.0" encoding="UTF-8"?>
<testng-results ignored="0" total="1" passed="1" failed="0" skipped="0">
  <reporter-output>
  </reporter-output>
  <suite started-at="2024-04-27T11:37:52 IST" name="Default suite" finished-at="2024-04-27T11:37:53 IST" duration-ms="1899">
    <groups>
    </groups>
    <test started-at="2024-04-27T11:37:52 IST" name="Default test" finished-at="2024-04-27T11:37:53 IST" duration-ms="1899">
      <class name="hashMapParsing.Example1">
        <test-method is-config="true" signature="setUp()[pri:0, instance:hashMapParsing.Example1@23c30a20]" started-at="2024-04-27T11:37:51 IST" name="setUp" finished-at="2024-04-27T11:37:52 IST" duration-ms="374" status="PASS">
          <reporter-output>
          </reporter-output>
        </test-method> <!-- setUp -->
        <test-method signature="sendPostRequestUsingHashMap()[pri:0, instance:hashMapParsing.Example1@23c30a20]" started-at="2024-04-27T11:37:52 IST" name="sendPostRequestUsingHashMap" finished-at="2024-04-27T11:37:53 IST" duration-ms="1869" status="PASS">
          <reporter-output>
          </reporter-output>
        </test-method> <!-- sendPostRequestUsingHashMap -->
      </class> <!-- hashMapParsing.Example1 -->
    </test> <!-- Default test -->
  </suite> <!-- Default suite -->
</testng-results>
